-0.9170519248006278,1.0361982941739414,-1.3350799950074406,-1.2514273614906153,Iris-setosa
-1.1588939368276951,-0.119442018939212,-1.3350799950074406,-1.2514273614906153,Iris-setosa
-1.4007359488547637,0.3428141063060498,-1.392013858560992,-1.2514273614906153,Iris-setosa
-1.5216569548682986,0.1116860436834189,-1.2781461314538891,-1.2514273614906153,Iris-setosa
-1.0379729308141616,1.2673263567965722,-1.3350799950074406,-1.2514273614906153,Iris-setosa
-0.5542889067600246,1.960710544664464,-1.164278404346786,-1.0057282721927197,Iris-setosa
-1.5216569548682986,0.8050702315513105,-1.3350799950074406,-1.1285778168416674,Iris-setosa
-1.0379729308141616,0.8050702315513105,-1.2781461314538891,-1.2514273614906153,Iris-setosa
-1.7634989668953658,-0.3505700815618429,-1.3350799950074406,-1.2514273614906153,Iris-setosa
-1.1588939368276951,0.1116860436834189,-1.2781461314538891,-1.374276906139563,Iris-setosa
-0.5542889067600246,1.4984544194192033,-1.2781461314538891,-1.2514273614906153,Iris-setosa
-1.27981494284123,0.8050702315513105,-1.2212122679003374,-1.2514273614906153,Iris-setosa
-1.27981494284123,-0.119442018939212,-1.3350799950074406,-1.374276906139563,Iris-setosa
-1.8844199729089006,-0.119442018939212,-1.5058815856680947,-1.374276906139563,Iris-setosa
-0.07060488270588873,2.191838607287095,-1.4489477221145433,-1.2514273614906153,Iris-setosa
-0.19152588871942242,3.1163508577776184,-1.2781461314538891,-1.0057282721927197,Iris-setosa
-0.5542889067600246,1.960710544664464,-1.392013858560992,-1.0057282721927197,Iris-setosa
-0.9170519248006278,1.0361982941739414,-1.3350799950074406,-1.1285778168416674,Iris-setosa
-0.19152588871942242,1.729582482041833,-1.164278404346786,-1.1285778168416674,Iris-setosa
-0.9170519248006278,1.729582482041833,-1.2781461314538891,-1.1285778168416674,Iris-setosa
-0.5542889067600246,0.8050702315513105,-1.164278404346786,-1.2514273614906153,Iris-setosa
-0.9170519248006278,1.4984544194192033,-1.2781461314538891,-1.0057282721927197,Iris-setosa
-1.5216569548682986,1.2673263567965722,-1.5628154492216462,-1.2514273614906153,Iris-setosa
-0.9170519248006278,0.5739421689286797,-1.164278404346786,-0.8828787275437718,Iris-setosa
1.1386051774294526,1.0264147870425985e-15,-1.0504106772396833,-1.2514273614906153,Iris-setosa
-1.0379729308141616,-0.119442018939212,-1.2212122679003374,-1.2514273614906153,Iris-setosa
-1.0379729308141616,0.8050702315513105,-1.2212122679003374,-1.0057282721927197,Iris-setosa
-0.7961309187870931,1.0361982941739414,-1.2781461314538891,-1.2514273614906153,Iris-setosa
-0.7961309187870931,0.8050702315513105,-1.3350799950074406,-1.2514273614906153,Iris-setosa
-1.4007359488547637,0.3428141063060498,-1.2212122679003374,-1.2514273614906153,Iris-setosa
-1.27981494284123,0.1116860436834189,-1.2212122679003374,-1.2514273614906153,Iris-setosa
-0.5542889067600246,0.8050702315513105,-1.2781461314538891,-1.0057282721927197,Iris-setosa
-0.7961309187870931,2.4229666699097248,-1.2781461314538891,-1.374276906139563,Iris-setosa
-0.4333679007464909,2.6540947325323567,-1.3350799950074406,-1.2514273614906153,Iris-setosa
-1.1588939368276951,0.1116860436834189,-1.2781461314538891,-1.374276906139563,Iris-setosa
-1.0379729308141616,0.3428141063060498,-1.4489477221145433,-1.2514273614906153,Iris-setosa
-0.4333679007464909,1.0361982941739414,-1.392013858560992,-1.2514273614906153,Iris-setosa
-1.1588939368276951,0.1116860436834189,-1.2781461314538891,-1.374276906139563,Iris-setosa
-1.7634989668953658,-0.119442018939212,-1.392013858560992,-1.2514273614906153,Iris-setosa
-0.9170519248006278,0.8050702315513105,-1.2781461314538891,-1.2514273614906153,Iris-setosa
-1.0379729308141616,1.0361982941739414,-1.392013858560992,-1.1285778168416674,Iris-setosa
-1.6425779608818323,-1.7373384572976271,-1.392013858560992,-1.1285778168416674,Iris-setosa
-1.7634989668953658,0.3428141063060498,-1.392013858560992,-1.2514273614906153,Iris-setosa
-1.0379729308141616,1.0361982941739414,-1.2212122679003374,-0.760029182894824,Iris-setosa
-0.9170519248006278,1.729582482041833,-1.0504106772396833,-1.0057282721927197,Iris-setosa
-1.27981494284123,-0.119442018939212,-1.3350799950074406,-1.1285778168416674,Iris-setosa
-0.9170519248006278,1.729582482041833,-1.2212122679003374,-1.2514273614906153,Iris-setosa
-1.5216569548682986,0.3428141063060498,-1.3350799950074406,-1.2514273614906153,Iris-setosa
-0.6752099127735594,1.4984544194192033,-1.2781461314538891,-1.2514273614906153,Iris-setosa
-1.0379729308141616,0.5739421689286797,-1.3350799950074406,-1.2514273614906153,Iris-setosa
1.3804471894565211,0.3428141063060498,0.5437375022597564,0.22276717429675846,Iris-versicolor
0.6549211533753166,0.3428141063060498,0.42986977515265345,0.3456167189457064,Iris-versicolor
1.2595261834429874,0.1116860436834189,0.6576052293668594,0.3456167189457064,Iris-versicolor
-0.4333679007464909,-1.7373384572976271,0.1452004573848964,0.0999176296478108,Iris-versicolor
0.7758421593888504,-0.5816981441844737,0.4868036387062047,0.3456167189457064,Iris-versicolor
-0.19152588871942242,-0.5816981441844737,0.42986977515265345,0.0999176296478108,Iris-versicolor
0.5340001473617819,0.5739421689286797,0.5437375022597564,0.4684662635946543,Iris-versicolor
-1.1588939368276951,-1.5062103946749963,-0.2533365874899636,-0.2686310042990327,Iris-versicolor
0.8967631654023841,-0.3505700815618429,0.4868036387062047,0.0999176296478108,Iris-versicolor
-0.7961309187870931,-0.8128262068071036,0.08826659383134493,0.22276717429675846,Iris-versicolor
-1.0379729308141616,-2.430722645165519,-0.1394688603828607,-0.2686310042990327,Iris-versicolor
0.050316123307646045,-0.119442018939212,0.2590681844919993,0.3456167189457064,Iris-versicolor
0.17123712932117974,-1.9684665199202571,0.1452004573848964,-0.2686310042990327,Iris-versicolor
0.29215813533471346,-0.3505700815618429,0.5437375022597564,0.22276717429675846,Iris-versicolor
0.0,-0.3505700815618429,-0.08253499682930922,0.0999176296478108,Iris-versicolor
1.0176841714159188,0.1116860436834189,0.3729359115991023,0.22276717429675846,Iris-versicolor
-0.31244689473295717,-0.119442018939212,0.42986977515265345,0.3456167189457064,Iris-versicolor
-0.07060488270588873,-0.8128262068071036,0.2021343209384476,-0.2686310042990327,Iris-versicolor
0.4130791413482482,-1.9684665199202571,0.42986977515265345,0.3456167189457064,Iris-versicolor
-0.31244689473295717,-1.2750823320523654,0.08826659383134493,-0.1457814596500848,Iris-versicolor
0.050316123307646045,0.3428141063060498,0.6006713658133076,0.7141653528925499,Iris-versicolor
0.29215813533471346,-0.5816981441844737,0.1452004573848964,0.0999176296478108,Iris-versicolor
0.5340001473617819,-1.2750823320523654,0.6576052293668594,0.3456167189457064,Iris-versicolor
0.29215813533471346,-0.5816981441844737,0.5437375022597564,-0.02293191500113713,Iris-versicolor
0.6549211533753166,-0.3505700815618429,0.31600204804555054,0.0999176296478108,Iris-versicolor
0.8967631654023841,-0.119442018939212,0.3729359115991023,0.22276717429675846,Iris-versicolor
1.1386051774294526,-0.5816981441844737,0.6006713658133076,0.22276717429675846,Iris-versicolor
1.0176841714159188,-0.119442018939212,0.7145390929204105,0.591315808243602,Iris-versicolor
0.17123712932117974,-0.3505700815618429,0.42986977515265345,0.3456167189457064,Iris-versicolor
-0.19152588871942242,-1.0439542694297346,-0.1394688603828607,-0.2686310042990327,Iris-versicolor
-0.4333679007464909,-1.5062103946749963,0.031332730277793465,-0.1457814596500848,Iris-versicolor
-0.4333679007464909,-1.5062103946749963,-0.025601133275757748,-0.2686310042990327,Iris-versicolor
-0.07060488270588873,-0.8128262068071036,0.08826659383134493,-0.02293191500113713,Iris-versicolor
0.17123712932117974,-0.8128262068071036,0.7714729564739617,0.4684662635946543,Iris-versicolor
-0.5542889067600246,-0.119442018939212,0.42986977515265345,0.3456167189457064,Iris-versicolor
0.17123712932117974,0.8050702315513105,0.42986977515265345,0.4684662635946543,Iris-versicolor
1.0176841714159188,0.1116860436834189,0.5437375022597564,0.3456167189457064,Iris-versicolor
0.5340001473617819,-1.7373384572976271,0.3729359115991023,0.0999176296478108,Iris-versicolor
-0.31244689473295717,-0.119442018939212,0.2021343209384476,0.0999176296478108,Iris-versicolor
-0.4333679007464909,-1.2750823320523654,0.1452004573848964,0.0999176296478108,Iris-versicolor
-0.4333679007464909,-1.0439542694297346,0.3729359115991023,-0.02293191500113713,Iris-versicolor
0.29215813533471346,-0.119442018939212,0.4868036387062047,0.22276717429675846,Iris-versicolor
-0.07060488270588873,-1.0439542694297346,0.1452004573848964,-0.02293191500113713,Iris-versicolor
-1.0379729308141616,-1.7373384572976271,-0.2533365874899636,-0.2686310042990327,Iris-versicolor
-0.31244689473295717,-0.8128262068071036,0.2590681844919993,0.0999176296478108,Iris-versicolor
-0.19152588871942242,-0.119442018939212,0.2590681844919993,-0.02293191500113713,Iris-versicolor
-0.19152588871942242,-0.3505700815618429,0.2590681844919993,0.0999176296478108,Iris-versicolor
0.4130791413482482,-0.3505700815618429,0.31600204804555054,0.0999176296478108,Iris-versicolor
-0.9170519248006278,-1.2750823320523654,-0.4241381781506178,-0.1457814596500848,Iris-versicolor
-0.19152588871942242,-0.5816981441844737,0.2021343209384476,0.0999176296478108,Iris-versicolor
0.5340001473617819,0.5739421689286797,1.2838777284559246,1.5741121654351846,Iris-virginica
-0.07060488270588873,-0.8128262068071036,0.7714729564739617,0.8370148975414976,Iris-virginica
1.5013681954700546,-0.119442018939212,1.2269438649023736,1.0827139868393933,Iris-virginica
0.5340001473617819,-0.3505700815618429,1.0561422742417188,0.7141653528925499,Iris-virginica
0.7758421593888504,-0.119442018939212,1.1700100013488217,1.2055635314883413,Iris-virginica
2.1059732255377255,-0.119442018939212,1.625480909777233,1.0827139868393933,Iris-virginica
-1.1588939368276951,-1.2750823320523654,0.42986977515265345,4.276802147712037,Iris-virginica
1.7432102074971232,-0.3505700815618429,1.4546793191165788,0.7141653528925499,Iris-virginica
1.0176841714159188,-1.2750823320523654,2.5283714479207924e-16,0.7141653528925499,Iris-virginica
1.6222892014835895,1.2673263567965722,1.3408115920094759,1.5741121654351846,Iris-virginica
0.7758421593888504,0.3428141063060498,0.7714729564739617,0.9598644421904455,Iris-virginica
0.6549211533753166,-0.8128262068071036,0.8853406835810647,0.8370148975414976,Iris-virginica
1.1386051774294526,-0.119442018939212,0.9992084106881677,1.0827139868393933,Iris-virginica
-0.19152588871942242,-1.2750823320523654,0.7145390929204105,0.9598644421904455,Iris-virginica
-0.07060488270588873,-0.5816981441844737,0.7714729564739617,1.4512626207862367,Iris-virginica
0.6549211533753166,0.3428141063060498,0.8853406835810647,1.3284130761372888,Iris-virginica
0.7758421593888504,-0.119442018939212,0.9992084106881677,0.7141653528925499,Iris-virginica
2.22689423155126,1.729582482041833,1.6824147733307848,1.2055635314883413,Iris-virginica
2.22689423155126,-1.0439542694297346,1.7962825004378877,1.3284130761372888,Iris-virginica
0.17123712932117974,-1.9684665199202571,0.7145390929204105,0.3456167189457064,Iris-virginica
1.2595261834429874,0.3428141063060498,1.1130761377952705,1.3284130761372888,Iris-virginica
-0.31244689473295717,-0.5816981441844737,0.6576052293668594,0.9598644421904455,Iris-virginica
2.22689423155126,-0.5816981441844737,1.6824147733307848,0.9598644421904455,Iris-virginica
0.5340001473617819,-0.8128262068071036,0.6576052293668594,0.7141653528925499,Iris-virginica
1.0176841714159188,0.5739421689286797,1.1130761377952705,1.0827139868393933,Iris-virginica
1.6222892014835895,0.3428141063060498,1.2838777284559246,0.7141653528925499,Iris-virginica
0.4130791413482482,-0.5816981441844737,0.6006713658133076,0.7141653528925499,Iris-virginica
0.29215813533471346,-0.119442018939212,0.6576052293668594,0.7141653528925499,Iris-virginica
0.6549211533753166,-0.5816981441844737,1.0561422742417188,1.0827139868393933,Iris-virginica
1.6222892014835895,-0.119442018939212,1.1700100013488217,0.4684662635946543,Iris-virginica
1.864131213510658,-0.5816981441844737,1.3408115920094759,0.8370148975414976,Iris-virginica
2.4687362435783284,1.729582482041833,1.5116131826701307,0.9598644421904455,Iris-virginica
0.6549211533753166,-0.5816981441844737,1.0561422742417188,1.2055635314883413,Iris-virginica
0.5340001473617819,-0.5816981441844737,0.7714729564739617,0.3456167189457064,Iris-virginica
0.29215813533471346,-1.0439542694297346,1.0561422742417188,0.22276717429675846,Iris-virginica
2.22689423155126,-0.119442018939212,1.3408115920094759,1.3284130761372888,Iris-virginica
0.5340001473617819,0.8050702315513105,1.0561422742417188,1.4512626207862367,Iris-virginica
0.6549211533753166,0.1116860436834189,0.9992084106881677,0.7141653528925499,Iris-virginica
0.17123712932117974,-0.119442018939212,0.6006713658133076,0.7141653528925499,Iris-virginica
1.2595261834429874,0.1116860436834189,0.9422745471346164,1.0827139868393933,Iris-virginica
1.0176841714159188,0.1116860436834189,1.0561422742417188,1.4512626207862367,Iris-virginica
1.2595261834429874,0.1116860436834189,0.7714729564739617,1.3284130761372888,Iris-virginica
-0.07060488270588873,-0.8128262068071036,0.7714729564739617,0.8370148975414976,Iris-virginica
1.1386051774294526,0.3428141063060498,1.2269438649023736,1.3284130761372888,Iris-virginica
1.0176841714159188,0.5739421689286797,1.1130761377952705,1.5741121654351846,Iris-virginica
1.0176841714159188,-0.119442018939212,0.8284068200275135,1.3284130761372888,Iris-virginica
0.5340001473617819,-1.2750823320523654,0.7145390929204105,0.8370148975414976,Iris-virginica
0.7758421593888504,-0.119442018939212,0.8284068200275135,0.9598644421904455,Iris-virginica
0.4130791413482482,0.8050702315513105,0.9422745471346164,1.3284130761372888,Iris-virginica
0.050316123307646045,-0.119442018939212,0.7714729564739617,0.7141653528925499,Iris-virginica
